170404 16:00:00 mysqld_safe Starting mysqld daemon with databases from /var/lib/mysql
170404 16:00:01 [Warning] Using unique option prefix key_buffer instead of key_buffer_size is deprecated and will be removed in a future release. Please use the full name instead.
170404 16:00:01 [Note] /usr/sbin/mysqld (mysqld 5.5.49-0+deb8u1) starting as process 635 ...
170404 16:00:01 [Warning] Using unique option prefix myisam-recover instead of myisam-recover-options is deprecated and will be removed in a future release. Please use the full name instead.
170404 16:00:01 [Note] Plugin 'FEDERATED' is disabled.
170404 16:00:01 InnoDB: The InnoDB memory heap is disabled
170404 16:00:01 InnoDB: Mutexes and rw_locks use GCC atomic builtins
170404 16:00:01 InnoDB: Compressed tables use zlib 1.2.8
170404 16:00:01 InnoDB: Using Linux native AIO
170404 16:00:01 InnoDB: Initializing buffer pool, size = 8.0M
170404 16:00:01 InnoDB: Completed initialization of buffer pool
170404 16:00:01 InnoDB: highest supported file format is Barracuda.
170404 16:00:01  InnoDB: Waiting for the background threads to start
170404 16:00:02 InnoDB: 5.5.49 started; log sequence number 1595675
170404 16:00:02 [Note] Server hostname (bind-address): '0.0.0.0'; port: 3306
170404 16:00:02 [Note]   - '0.0.0.0' resolves to '0.0.0.0';
170404 16:00:02 [Note] Server socket created on IP: '0.0.0.0'.
170404 16:00:02 [ERROR] /usr/sbin/mysqld: Table './mysql/user' is marked as crashed and should be repaired
170404 16:00:02 [Warning] Checking table:   './mysql/user'
170404 16:00:02 [ERROR] 1 client is using or hasn't closed the table properly
170404 16:00:02 [Note] Event Scheduler: Loaded 0 events
170404 16:00:02 [Note] /usr/sbin/mysqld: ready for connections.
Version: '5.5.49-0+deb8u1'  socket: '/var/run/mysqld/mysqld.sock'  port: 3306  (Debian)
170405 15:11:51 mysqld_safe Starting mysqld daemon with databases from /var/lib/mysql
170405 15:11:51 [Warning] Using unique option prefix key_buffer instead of key_buffer_size is deprecated and will be removed in a future release. Please use the full name instead.
170405 15:11:51 [Note] /usr/sbin/mysqld (mysqld 5.5.49-0+deb8u1) starting as process 431 ...
170405 15:11:51 [Warning] Using unique option prefix myisam-recover instead of myisam-recover-options is deprecated and will be removed in a future release. Please use the full name instead.
170405 15:11:51 [Note] Plugin 'FEDERATED' is disabled.
170405 15:11:51 InnoDB: The InnoDB memory heap is disabled
170405 15:11:51 InnoDB: Mutexes and rw_locks use GCC atomic builtins
170405 15:11:51 InnoDB: Compressed tables use zlib 1.2.8
170405 15:11:51 InnoDB: Using Linux native AIO
170405 15:11:51 InnoDB: Initializing buffer pool, size = 8.0M
170405 15:11:51 InnoDB: Completed initialization of buffer pool
170405 15:11:51 InnoDB: highest supported file format is Barracuda.
InnoDB: The log sequence number in ibdata files does not match
InnoDB: the log sequence number in the ib_logfiles!
170405 15:11:51  InnoDB: Database was not shut down normally!
InnoDB: Starting crash recovery.
InnoDB: Reading tablespace information from the .ibd files...
InnoDB: Restoring possible half-written data pages from the doublewrite
InnoDB: buffer...
170405 15:11:52  InnoDB: Waiting for the background threads to start
170405 15:11:53 InnoDB: 5.5.49 started; log sequence number 3341524
170405 15:11:53 [Note] Server hostname (bind-address): '0.0.0.0'; port: 3306
170405 15:11:53 [Note]   - '0.0.0.0' resolves to '0.0.0.0';
170405 15:11:53 [Note] Server socket created on IP: '0.0.0.0'.
170405 15:11:53 [ERROR] /usr/sbin/mysqld: Table './mysql/user' is marked as crashed and should be repaired
170405 15:11:53 [Warning] Checking table:   './mysql/user'
170405 15:11:53 [ERROR] 1 client is using or hasn't closed the table properly
170405 15:11:53 [Note] Event Scheduler: Loaded 0 events
170405 15:11:53 [Note] /usr/sbin/mysqld: ready for connections.
Version: '5.5.49-0+deb8u1'  socket: '/var/run/mysqld/mysqld.sock'  port: 3306  (Debian)
170405 15:11:53 [ERROR] /usr/sbin/mysqld: Table './mysql/proc' is marked as crashed and should be repaired
170405 15:11:53 [Warning] Checking table:   './mysql/proc'
